<?xml version="1.0" encoding="UTF-8"?>
<!-- Generated by org.testng.reporters.JUnitReportReporter -->
<testsuite hostname="Ammula" failures="0" tests="2" name="testcases.Test1" time="4.366" errors="0" timestamp="2023-06-25T01:19:20 IST" skipped="0">
  <testcase classname="testcases.Test1" name="Contactpage" time="2.783"/>
  <testcase classname="testcases.Test1" name="Homepage" time="1.583"/>
</testsuite> <!-- testcases.Test1 -->
